<?xml version="1.0" encoding="UTF-8"?>
<!-- Generated by org.testng.reporters.JUnitReportReporter -->
<testsuite hostname="LAPTOP-VEG77J8H" failures="0" tests="1" name="com.Beralt.campaign.verifyCampaignTest" time="3.321" errors="0" timestamp="2023-01-09T23:00:16 IST" skipped="0">
  <testcase classname="com.Beralt.campaign.verifyCampaignTest" name="verifyCampaign" time="3.321"/>
  <system-out>
    <![CDATA[CRM Home is Displayed pass
campaign page is Displayed]]>
  </system-out>
</testsuite> <!-- com.Beralt.campaign.verifyCampaignTest -->
