<?xml version="1.0" encoding="UTF-8"?>
<!-- Generated by org.testng.reporters.JUnitReportReporter -->
<testsuite hostname="LAPTOP-VEG77J8H" failures="0" tests="1" name="com.Beralt.contact.VerifynewContact" time="8.608" errors="0" timestamp="2023-01-09T23:00:16 IST" skipped="0">
  <testcase classname="com.Beralt.contact.VerifynewContact" name="VerifynewContacttest" time="8.608"/>
  <system-out>
    <![CDATA[CRM Home is Displayed pass
contact page is Displayed
contact details page is Displayed]]>
  </system-out>
</testsuite> <!-- com.Beralt.contact.VerifynewContact -->
