<?xml version="1.0" encoding="UTF-8"?>
<!-- Generated by org.testng.reporters.JUnitReportReporter -->
<testsuite hostname="LAPTOP-VEG77J8H" failures="0" tests="1" name="com.Beralt.ProductCreation.VerifyNewProduct" time="3.443" errors="0" timestamp="2023-01-09T23:00:16 IST" skipped="0">
  <testcase classname="com.Beralt.ProductCreation.VerifyNewProduct" name="newProduct" time="3.443"/>
  <system-out>
    <![CDATA[CRM Home is Displayed pass
products page is Displayed
create product page is Displayed]]>
  </system-out>
</testsuite> <!-- com.Beralt.ProductCreation.VerifyNewProduct -->
