<?xml version="1.0" encoding="UTF-8"?>
<!-- Generated by org.testng.reporters.JUnitReportReporter -->
<testsuite hostname="LAPTOP-VEG77J8H" failures="0" tests="1" name="com.Beralt.PotentialCreation.VerifyNewPotential" time="4.501" errors="0" timestamp="2023-01-09T23:00:16 IST" skipped="0">
  <testcase classname="com.Beralt.PotentialCreation.VerifyNewPotential" name="VerifyNewPotentialTest" time="4.501"/>
  <system-out>
    <![CDATA[CRM Home is Displayed pass
potential page is Displayed
Create potential page is Displayed]]>
  </system-out>
</testsuite> <!-- com.Beralt.PotentialCreation.VerifyNewPotential -->
