<?xml version="1.0" encoding="UTF-8"?>
<testng-results ignored="0" total="1" passed="1" failed="0" skipped="0">
  <reporter-output>
    <line>
      <![CDATA[Login pageis Displayed pass]]>
    </line>
    <line>
      <![CDATA[verifyAccounts method started]]>
    </line>
    <line>
      <![CDATA[CRM Home is Displayed pass]]>
    </line>
    <line>
      <![CDATA[Accounts Page is Displayed]]>
    </line>
    <line>
      <![CDATA[verifyAccounts method passed]]>
    </line>
  </reporter-output>
  <suite started-at="2022-05-03T11:35:27 IST" name="Default suite" finished-at="2022-05-03T11:35:32 IST" duration-ms="5716">
    <groups>
    </groups>
    <test started-at="2022-05-03T11:35:27 IST" name="Default test" finished-at="2022-05-03T11:35:32 IST" duration-ms="5716">
      <class name="com.Beralt.accounts.VerifyAccountsTest">
        <test-method is-config="true" signature="openBrowser()[pri:0, instance:com.Beralt.accounts.VerifyAccountsTest@4145bad8]" started-at="2022-05-03T11:35:27 IST" name="openBrowser" finished-at="2022-05-03T11:35:30 IST" duration-ms="3596" status="PASS">
          <reporter-output>
            <line>
              <![CDATA[Login pageis Displayed pass]]>
            </line>
          </reporter-output>
        </test-method> <!-- openBrowser -->
        <test-method signature="verifyAccounts()[pri:0, instance:com.Beralt.accounts.VerifyAccountsTest@4145bad8]" started-at="2022-05-03T11:35:30 IST" name="verifyAccounts" finished-at="2022-05-03T11:35:32 IST" duration-ms="2087" status="PASS">
          <reporter-output>
            <line>
              <![CDATA[verifyAccounts method started]]>
            </line>
            <line>
              <![CDATA[CRM Home is Displayed pass]]>
            </line>
            <line>
              <![CDATA[Accounts Page is Displayed]]>
            </line>
            <line>
              <![CDATA[verifyAccounts method passed]]>
            </line>
          </reporter-output>
        </test-method> <!-- verifyAccounts -->
      </class> <!-- com.Beralt.accounts.VerifyAccountsTest -->
    </test> <!-- Default test -->
  </suite> <!-- Default suite -->
</testng-results>
